[2021-08-10 15:31:14.226] [exthost] [info] extension host started
[2021-08-10 15:31:14.294] [exthost] [info] Lock '/var/www/clinicamosconi/.vscode-server/data/User/workspaceStorage/03d99486693842d8d996e8a14fa7ccc0/vscode.lock': Lock acquired.
[2021-08-10 15:31:14.500] [exthost] [info] ExtensionService#_doActivateExtension vscode.debug-auto-launch {"startup":true,"extensionId":{"value":"vscode.debug-auto-launch","_lower":"vscode.debug-auto-launch"},"activationEvent":"*"}
[2021-08-10 15:31:14.501] [exthost] [info] ExtensionService#loadCommonJSModule file:///var/www/clinicamosconi/.vscode-server/bin/c3f126316369cd610563c75b1b1725e0679adfb3/extensions/debug-auto-launch/dist/extension
[2021-08-10 15:31:14.539] [exthost] [info] ExtensionService#_doActivateExtension vscode.git {"startup":true,"extensionId":{"value":"vscode.github","_lower":"vscode.github"},"activationEvent":"*"}
[2021-08-10 15:31:14.540] [exthost] [info] ExtensionService#loadCommonJSModule file:///var/www/clinicamosconi/.vscode-server/bin/c3f126316369cd610563c75b1b1725e0679adfb3/extensions/git/dist/main
[2021-08-10 15:31:14.804] [exthost] [info] ExtensionService#_doActivateExtension vscode.npm {"startup":true,"extensionId":{"value":"vscode.npm","_lower":"vscode.npm"},"activationEvent":"workspaceContains:package.json"}
[2021-08-10 15:31:14.805] [exthost] [info] ExtensionService#loadCommonJSModule file:///var/www/clinicamosconi/.vscode-server/bin/c3f126316369cd610563c75b1b1725e0679adfb3/extensions/npm/dist/npmMain
[2021-08-10 15:31:15.357] [exthost] [info] ExtensionService#_doActivateExtension vscode.github {"startup":true,"extensionId":{"value":"vscode.github","_lower":"vscode.github"},"activationEvent":"*"}
[2021-08-10 15:31:15.359] [exthost] [info] ExtensionService#loadCommonJSModule file:///var/www/clinicamosconi/.vscode-server/bin/c3f126316369cd610563c75b1b1725e0679adfb3/extensions/github/dist/extension.js
[2021-08-10 15:31:15.792] [exthost] [info] ExtensionService#_doActivateExtension ms-vscode.js-debug {"startup":false,"extensionId":{"value":"ms-vscode.js-debug","_lower":"ms-vscode.js-debug"},"activationEvent":"onCommand:extension.js-debug.clearAutoAttachVariables"}
[2021-08-10 15:31:15.792] [exthost] [info] ExtensionService#loadCommonJSModule file:///var/www/clinicamosconi/.vscode-server/bin/c3f126316369cd610563c75b1b1725e0679adfb3/extensions/ms-vscode.js-debug/src/extension.js
[2021-08-10 15:31:17.356] [exthost] [info] ExtensionService#_doActivateExtension vscode.emmet {"startup":false,"extensionId":{"value":"vscode.emmet","_lower":"vscode.emmet"},"activationEvent":"onStartupFinished"}
[2021-08-10 15:31:17.356] [exthost] [info] ExtensionService#loadCommonJSModule file:///var/www/clinicamosconi/.vscode-server/bin/c3f126316369cd610563c75b1b1725e0679adfb3/extensions/emmet/dist/node/emmetNodeMain
[2021-08-10 15:31:17.413] [exthost] [info] ExtensionService#_doActivateExtension vscode.merge-conflict {"startup":false,"extensionId":{"value":"vscode.merge-conflict","_lower":"vscode.merge-conflict"},"activationEvent":"onStartupFinished"}
[2021-08-10 15:31:17.413] [exthost] [info] ExtensionService#loadCommonJSModule file:///var/www/clinicamosconi/.vscode-server/bin/c3f126316369cd610563c75b1b1725e0679adfb3/extensions/merge-conflict/dist/mergeConflictMain
[2021-08-10 15:31:17.429] [exthost] [info] ExtensionService#_doActivateExtension vscode.testing-editor-contributions {"startup":false,"extensionId":{"value":"vscode.testing-editor-contributions","_lower":"vscode.testing-editor-contributions"},"activationEvent":"onStartupFinished"}
[2021-08-10 15:31:17.429] [exthost] [info] ExtensionService#loadCommonJSModule file:///var/www/clinicamosconi/.vscode-server/bin/c3f126316369cd610563c75b1b1725e0679adfb3/extensions/testing-editor-contributions/dist/extension.js
[2021-08-10 15:31:17.431] [exthost] [info] eager extensions activated
[2021-08-10 15:33:50.761] [exthost] [info] ExtensionService#_doActivateExtension vscode.php-language-features {"startup":false,"extensionId":{"value":"vscode.php-language-features","_lower":"vscode.php-language-features"},"activationEvent":"onLanguage:php"}
[2021-08-10 15:33:50.761] [exthost] [info] ExtensionService#loadCommonJSModule file:///var/www/clinicamosconi/.vscode-server/bin/c3f126316369cd610563c75b1b1725e0679adfb3/extensions/php-language-features/dist/phpMain
[2021-08-10 15:37:40.620] [exthost] [info] ExtensionService#_doActivateExtension vscode.grunt {"startup":false,"extensionId":{"value":"vscode.grunt","_lower":"vscode.grunt"},"activationEvent":"onCommand:workbench.action.tasks.runTask"}
[2021-08-10 15:37:40.620] [exthost] [info] ExtensionService#loadCommonJSModule file:///var/www/clinicamosconi/.vscode-server/bin/c3f126316369cd610563c75b1b1725e0679adfb3/extensions/grunt/dist/main
[2021-08-10 15:37:40.626] [exthost] [info] ExtensionService#_doActivateExtension vscode.gulp {"startup":false,"extensionId":{"value":"vscode.gulp","_lower":"vscode.gulp"},"activationEvent":"onCommand:workbench.action.tasks.runTask"}
[2021-08-10 15:37:40.626] [exthost] [info] ExtensionService#loadCommonJSModule file:///var/www/clinicamosconi/.vscode-server/bin/c3f126316369cd610563c75b1b1725e0679adfb3/extensions/gulp/dist/main
[2021-08-10 15:37:40.630] [exthost] [info] ExtensionService#_doActivateExtension vscode.jake {"startup":false,"extensionId":{"value":"vscode.jake","_lower":"vscode.jake"},"activationEvent":"onCommand:workbench.action.tasks.runTask"}
[2021-08-10 15:37:40.630] [exthost] [info] ExtensionService#loadCommonJSModule file:///var/www/clinicamosconi/.vscode-server/bin/c3f126316369cd610563c75b1b1725e0679adfb3/extensions/jake/dist/main
[2021-08-10 15:37:40.636] [exthost] [info] ExtensionService#_doActivateExtension vscode.typescript-language-features {"startup":false,"extensionId":{"value":"vscode.typescript-language-features","_lower":"vscode.typescript-language-features"},"activationEvent":"onCommand:workbench.action.tasks.runTask"}
[2021-08-10 15:37:40.636] [exthost] [info] ExtensionService#loadCommonJSModule file:///var/www/clinicamosconi/.vscode-server/bin/c3f126316369cd610563c75b1b1725e0679adfb3/extensions/typescript-language-features/dist/extension
[2021-08-10 15:37:41.015] [exthost] [info] ExtensionService#_doActivateExtension vscode.configuration-editing {"startup":false,"extensionId":{"value":"vscode.configuration-editing","_lower":"vscode.configuration-editing"},"activationEvent":"onLanguage:json"}
[2021-08-10 15:37:41.015] [exthost] [info] ExtensionService#loadCommonJSModule file:///var/www/clinicamosconi/.vscode-server/bin/c3f126316369cd610563c75b1b1725e0679adfb3/extensions/configuration-editing/dist/configurationEditingMain
[2021-08-10 15:37:41.023] [exthost] [info] ExtensionService#_doActivateExtension vscode.extension-editing {"startup":false,"extensionId":{"value":"vscode.extension-editing","_lower":"vscode.extension-editing"},"activationEvent":"onLanguage:json"}
[2021-08-10 15:37:41.023] [exthost] [info] ExtensionService#loadCommonJSModule file:///var/www/clinicamosconi/.vscode-server/bin/c3f126316369cd610563c75b1b1725e0679adfb3/extensions/extension-editing/dist/extensionEditingMain
[2021-08-10 15:37:41.040] [exthost] [info] ExtensionService#_doActivateExtension vscode.json-language-features {"startup":false,"extensionId":{"value":"vscode.json-language-features","_lower":"vscode.json-language-features"},"activationEvent":"onLanguage:json"}
[2021-08-10 15:37:41.040] [exthost] [info] ExtensionService#loadCommonJSModule file:///var/www/clinicamosconi/.vscode-server/bin/c3f126316369cd610563c75b1b1725e0679adfb3/extensions/json-language-features/client/dist/node/jsonClientMain
[2021-08-12 13:42:50.933] [exthost] [info] ExtensionService#_doActivateExtension vscode.css-language-features {"startup":false,"extensionId":{"value":"vscode.css-language-features","_lower":"vscode.css-language-features"},"activationEvent":"onLanguage:css"}
[2021-08-12 13:42:50.934] [exthost] [info] ExtensionService#loadCommonJSModule file:///var/www/clinicamosconi/.vscode-server/bin/c3f126316369cd610563c75b1b1725e0679adfb3/extensions/css-language-features/client/dist/node/cssClientMain
[2021-08-12 13:44:25.868] [exthost] [info] ExtensionService#_doActivateExtension vscode.html-language-features {"startup":false,"extensionId":{"value":"vscode.html-language-features","_lower":"vscode.html-language-features"},"activationEvent":"onLanguage:html"}
[2021-08-12 13:44:25.869] [exthost] [info] ExtensionService#loadCommonJSModule file:///var/www/clinicamosconi/.vscode-server/bin/c3f126316369cd610563c75b1b1725e0679adfb3/extensions/html-language-features/client/dist/node/htmlClientMain
